<?xml version="1.0" encoding="UTF-8"?><testsuite errors="1" failures="0" name="org.fasttrackit.features.search.RegisterTest" skipped="0" tests="2" time="27.6" timestamp="2019-12-07 05:12:08"><testcase classname="org.fasttrackit.features.search.RegisterTest" name="Register test"/><testcase classname="org.fasttrackit.features.search.RegisterTest" name="Register test2"><error message="Timed out after 2 seconds. Element not found&#10;For documentation on this error, please visit: https://www.seleniumhq.org/exceptions/no_such_element.html&#10;Build info: version: '3.141.59', revision: 'e82be7d358', time: '2018-11-14T08:17:03'&#10;System info: host: 'DESKTOP-3UNKLST', ip: '192.168.0.73', os.name: 'Windows 10', os.arch: 'amd64', os.version: '10.0', java.version: '12.0.2'&#10;Driver info: driver.version: unknown" type="org.openqa.selenium.NoSuchElementException">Timed out after 2 seconds. Element not found
For documentation on this error, please visit: https://www.seleniumhq.org/exceptions/no_such_element.html
Build info: version: '3.141.59', revision: 'e82be7d358', time: '2018-11-14T08:17:03'
System info: host: 'DESKTOP-3UNKLST', ip: '192.168.0.73', os.name: 'Windows 10', os.arch: 'amd64', os.version: '10.0', java.version: '12.0.2'
Driver info: driver.version: unknown</error><system-err>Timed out after 2 seconds. Element not found
For documentation on this error, please visit: https://www.seleniumhq.org/exceptions/no_such_element.html
Build info: version: '3.141.59', revision: 'e82be7d358', time: '2018-11-14T08:17:03'
System info: host: 'DESKTOP-3UNKLST', ip: '192.168.0.73', os.name: 'Windows 10', os.arch: 'amd64', os.version: '10.0', java.version: '12.0.2'
Driver info: driver.version: unknown&#13;
org.fasttrackit.pages.AccountPage.checkHelloText(AccountPage.java:15)&#13;
org.fasttrackit.steps.serenity.RegisterSteps.checkLoggedIn(RegisterSteps.java:45)&#13;
org.fasttrackit.features.search.RegisterTest.registerTest2(RegisterTest.java:37)&#13;
</system-err></testcase></testsuite>