<?xml version="1.0" encoding="UTF-8"?><testsuite errors="0" failures="0" name="org.fasttrackit.features.search.SearchByKeywordStory" skipped="1" tests="3" time="13.8" timestamp="2019-12-07 03:05:14"><testcase classname="org.fasttrackit.features.search.SearchByKeywordStory" name="Searching by keyword banana should display the corresponding article"/><testcase classname="org.fasttrackit.features.search.SearchByKeywordStory" name="Searching by ambiguious keyword should display the disambiguation page"><skipped/></testcase><testcase classname="org.fasttrackit.features.search.SearchByKeywordStory" name="Searching by keyword apple should display the corresponding article"/></testsuite>